<?xml version="1.0" encoding="UTF-8"?>
<!-- Generated by org.testng.reporters.JUnitXMLReporter -->
<testsuite hostname="chetanpc" ignored="0" name="Default test(failed)" tests="1" failures="0" timestamp="30 Nov 2021 13:04:34 GMT" time="0.125" errors="0">
  <testcase name="@BeforeClass setup" time="0.062" classname="com.retail_Online_banking_1.test_case.BasicClass">
    <failure type="java.lang.IllegalStateException" message="The driver executable is a directory: F:\autamation test engineer\javaworkspace\retail_Online_banking_1">
      <![CDATA[java.lang.IllegalStateException: The driver executable is a directory: F:\autamation test engineer\javaworkspace\retail_Online_banking_1
at com.google.common.base.Preconditions.checkState(Preconditions.java:585)
at org.openqa.selenium.remote.service.DriverService.checkExecutable(DriverService.java:139)
at org.openqa.selenium.remote.service.DriverService.findExecutable(DriverService.java:132)
at org.openqa.selenium.chrome.ChromeDriverService.access$000(ChromeDriverService.java:35)
at org.openqa.selenium.chrome.ChromeDriverService$Builder.findDefaultExecutable(ChromeDriverService.java:156)
at org.openqa.selenium.remote.service.DriverService$Builder.build(DriverService.java:346)
at org.openqa.selenium.chrome.ChromeDriverService.createDefaultService(ChromeDriverService.java:91)
at org.openqa.selenium.chrome.ChromeDriver.<init>(ChromeDriver.java:123)
at com.retail_Online_banking_1.test_case.BasicClass.setup(BasicClass.java:23)
... Removed 26 stack frames]]>
    </failure>
  </testcase> <!-- @BeforeClass setup -->
  <testcase name="@AfterClass tearDown" time="0.0" classname="com.retail_Online_banking_1.test_case.BasicClass">
    <skipped/>
  </testcase> <!-- @AfterClass tearDown -->
  <testcase name="loginTest" time="0.0" classname="com.retail_Online_banking_1.test_case.TC_loginTest_001">
    <skipped/>
  </testcase> <!-- loginTest -->
</testsuite> <!-- Default test(failed) -->
